Arguments: 
  /usr/local/Cellar/node/10.9.0/bin/node /Users/wkoutre/.npm-global/bin/yarn add -D eslint-plugin-typescriptgs

PATH: 
  /Users/wkoutre/Downloads/google-cloud-sdk/bin:/Users/wkoutre/.npm-global/bin:/usr/local/opt/icu4c/sbin:/usr/local/opt/icu4c/bin:/usr/local/opt/openssl/bin:/Library/Frameworks/Python.framework/Versions/3.6/bin:/Library/Frameworks/Python.framework/Versions/3.6/bin:/Users/wkoutre/google-cloud-sdk/bin:/Users/wkoutre/.yarn/bin:/opt/local/bin:/opt/local/sbin:/opt/local/bin:/opt/local/sbin:/usr/local/bin:/usr/bin:/bin:/usr/sbin:/sbin:/usr/local/MacGPG2/bin:/Users/wkoutre/coding/mongodb-osx-x86_64-3.4.1/bin:/usr/local/bin:/Users/wkoutre/Library/Python/3.6/bin:/Users/wkoutre/Library/Android/sdk/platform-tools

Yarn version: 
  1.9.4

Node version: 
  10.9.0

Platform: 
  darwin x64

Trace: 
  Error: https://registry.yarnpkg.com/eslint-plugin-typescriptgs: Not found
      at Request.params.callback [as _callback] (/Users/wkoutre/.npm-global/lib/node_modules/yarn/lib/cli.js:64202:18)
      at Request.self.callback (/Users/wkoutre/.npm-global/lib/node_modules/yarn/lib/cli.js:137468:22)
      at Request.emit (events.js:182:13)
      at Request.<anonymous> (/Users/wkoutre/.npm-global/lib/node_modules/yarn/lib/cli.js:138440:10)
      at Request.emit (events.js:182:13)
      at IncomingMessage.<anonymous> (/Users/wkoutre/.npm-global/lib/node_modules/yarn/lib/cli.js:138362:12)
      at Object.onceWrapper (events.js:273:13)
      at IncomingMessage.emit (events.js:187:15)
      at endReadableNT (_stream_readable.js:1085:12)
      at process._tickCallback (internal/process/next_tick.js:63:19)

npm manifest: 
  {
    "dependencies": {},
    "devDependencies": {}
  }

yarn manifest: 
  No manifest

Lockfile: 
  # THIS IS AN AUTOGENERATED FILE. DO NOT EDIT THIS FILE DIRECTLY.
  # yarn lockfile v1
